<?xml version="1.0" encoding="UTF-8"?>
<!-- Generated by org.testng.reporters.JUnitReportReporter -->
<testsuite hostname="DMS" name="A_Tests.TestApplication" tests="2" failures="0" timestamp="31 May 2017 02:28:31 GMT" time="0.015" errors="0">
  <testcase name="Registration_data" time="0.005" classname="A_Tests.TestApplication"/>
  <testcase name="Registration_data" time="0.010" classname="A_Tests.TestApplication"/>
</testsuite> <!-- A_Tests.TestApplication -->
